<?xml version="1.0" encoding="UTF-8"?>
<!-- Generated by org.testng.reporters.JUnitXMLReporter -->
<testsuite hostname="AEZIONDEV10" ignored="0" name="Default test" tests="4" failures="0" timestamp="03 Aug 2017 11:21:22 GMT" time="395.626" errors="0">
  <testcase name="Appointments" time="55.079" classname="com.TPL.Automate.TPLCrewApp"/>
  <testcase name="Transfercheckinother" time="23.814" classname="com.TPL.Automate.TPLCrewApp"/>
  <testcase name="TransferSend" time="68.454" classname="com.TPL.Automate.TPLCrewApp"/>
  <testcase name="TransferRecieve" time="59.375" classname="com.TPL.Automate.TPLCrewApp"/>
</testsuite> <!-- Default test -->
